<?xml version="1.0" encoding="UTF-8"?>
<!-- Generated by org.testng.reporters.JUnitXMLReporter -->
<testsuite hostname="PC17ZGQS" ignored="0" name="loginTest" tests="1" failures="1" timestamp="2021-06-15T14:28:11 IST" time="11.526" errors="0">
  <testcase name="loginAsBankManager" time="11.422" classname="com.w2a.testcases.loginTest">
    <failure type="java.lang.AssertionError" message="login not successful expected [true] but found [false]">
      <![CDATA[java.lang.AssertionError: login not successful expected [true] but found [false]
at com.w2a.testcases.loginTest.loginAsBankManager(loginTest.java:14)
at java.util.ArrayList.forEach(Unknown Source)
... Removed 30 stack frames]]>
    </failure>
  </testcase> <!-- loginAsBankManager -->
</testsuite> <!-- loginTest -->
