<?xml version="1.0" encoding="UTF-8"?>
<testng-results skipped="1" failed="0" ignored="0" total="5" passed="4">
  <reporter-output>
    <line>
      <![CDATA[<br>Verification failure:expected [abc] but found [xyz]<br>]]>
    </line>
    <line>
      <![CDATA[<a target="_blank" href=Fri_Jul_09_18_18_27_IST_2021.jpg>Screenshot</a>]]>
    </line>
    <line>
      <![CDATA[<br>]]>
    </line>
    <line>
      <![CDATA[<br>]]>
    </line>
  </reporter-output>
  <suite name="Data Driven Basics" duration-ms="12000" started-at="2021-07-09T18:18:27 IST" finished-at="2021-07-09T18:18:39 IST">
    <groups>
    </groups>
    <test name="BankmgrloginTest" duration-ms="6652" started-at="2021-07-09T18:18:27 IST" finished-at="2021-07-09T18:18:33 IST">
      <class name="com.w2a.testcases.BankmgrloginTest">
        <test-method status="PASS" signature="loginAsBankManager()[pri:0, instance:com.w2a.testcases.BankmgrloginTest@1add175]" name="loginAsBankManager" duration-ms="6577" started-at="2021-07-09T18:18:27 IST" finished-at="2021-07-09T18:18:33 IST">
          <reporter-output>
            <line>
              <![CDATA[<br>Verification failure:expected [abc] but found [xyz]<br>]]>
            </line>
            <line>
              <![CDATA[<a target="_blank" href=Fri_Jul_09_18_18_27_IST_2021.jpg>Screenshot</a>]]>
            </line>
            <line>
              <![CDATA[<br>]]>
            </line>
            <line>
              <![CDATA[<br>]]>
            </line>
          </reporter-output>
        </test-method> <!-- loginAsBankManager -->
      </class> <!-- com.w2a.testcases.BankmgrloginTest -->
    </test> <!-- BankmgrloginTest -->
    <test name="Add customer Test" duration-ms="1455" started-at="2021-07-09T18:18:34 IST" finished-at="2021-07-09T18:18:35 IST">
      <class name="com.w2a.testcases.AddCustomerTest">
        <test-method status="PASS" signature="addCustomerTest(java.util.Hashtable)[pri:0, instance:com.w2a.testcases.AddCustomerTest@1d323e9]" name="addCustomerTest" duration-ms="922" started-at="2021-07-09T18:18:34 IST" data-provider="dp" finished-at="2021-07-09T18:18:35 IST">
          <params>
            <param index="0">
              <value>
                <![CDATA[{lastName=Rani, Runmode=Y, firstName=Isha, postalCode=1234.0, alertText=Customer added successfully}]]>
              </value>
            </param>
          </params>
          <reporter-output>
          </reporter-output>
        </test-method> <!-- addCustomerTest -->
        <test-method status="PASS" signature="addCustomerTest(java.util.Hashtable)[pri:0, instance:com.w2a.testcases.AddCustomerTest@1d323e9]" name="addCustomerTest" duration-ms="471" started-at="2021-07-09T18:18:35 IST" data-provider="dp" finished-at="2021-07-09T18:18:35 IST">
          <params>
            <param index="0">
              <value>
                <![CDATA[{lastName=ada, Runmode=Y, firstName=avx, postalCode=112.0, alertText=Customer added successfully}]]>
              </value>
            </param>
          </params>
          <reporter-output>
          </reporter-output>
        </test-method> <!-- addCustomerTest -->
        <test-method status="SKIP" signature="addCustomerTest(java.util.Hashtable)[pri:0, instance:com.w2a.testcases.AddCustomerTest@1d323e9]" name="addCustomerTest" duration-ms="3" started-at="2021-07-09T18:18:35 IST" data-provider="dp" finished-at="2021-07-09T18:18:35 IST">
          <params>
            <param index="0">
              <value>
                <![CDATA[{lastName=waytoautomation, Runmode=N, firstName=rahul, postalCode=121.0, alertText=Customer added successfully}]]>
              </value>
            </param>
          </params>
          <exception class="org.testng.SkipException">
            <message>
              <![CDATA[Skipping test data because runmode no in testdata]]>
            </message>
            <full-stacktrace>
              <![CDATA[org.testng.SkipException: Skipping test data because runmode no in testdata
at com.w2a.testcases.AddCustomerTest.addCustomerTest(AddCustomerTest.java:22)
at sun.reflect.NativeMethodAccessorImpl.invoke0(Native Method)
at sun.reflect.NativeMethodAccessorImpl.invoke(Unknown Source)
at sun.reflect.DelegatingMethodAccessorImpl.invoke(Unknown Source)
at java.lang.reflect.Method.invoke(Unknown Source)
at org.testng.internal.MethodInvocationHelper.invokeMethod(MethodInvocationHelper.java:132)
at org.testng.internal.TestInvoker.invokeMethod(TestInvoker.java:599)
at org.testng.internal.TestInvoker.invokeTestMethod(TestInvoker.java:174)
at org.testng.internal.MethodRunner.runInSequence(MethodRunner.java:46)
at org.testng.internal.TestInvoker$MethodInvocationAgent.invoke(TestInvoker.java:822)
at org.testng.internal.TestInvoker.invokeTestMethods(TestInvoker.java:147)
at org.testng.internal.TestMethodWorker.invokeTestMethods(TestMethodWorker.java:146)
at org.testng.internal.TestMethodWorker.run(TestMethodWorker.java:128)
at java.util.ArrayList.forEach(Unknown Source)
at org.testng.TestRunner.privateRun(TestRunner.java:764)
at org.testng.TestRunner.run(TestRunner.java:585)
at org.testng.SuiteRunner.runTest(SuiteRunner.java:384)
at org.testng.SuiteRunner.runSequentially(SuiteRunner.java:378)
at org.testng.SuiteRunner.privateRun(SuiteRunner.java:337)
at org.testng.SuiteRunner.run(SuiteRunner.java:286)
at org.testng.SuiteRunnerWorker.runSuite(SuiteRunnerWorker.java:53)
at org.testng.SuiteRunnerWorker.run(SuiteRunnerWorker.java:96)
at org.testng.TestNG.runSuitesSequentially(TestNG.java:1218)
at org.testng.TestNG.runSuitesLocally(TestNG.java:1140)
at org.testng.TestNG.runSuites(TestNG.java:1069)
at org.testng.TestNG.run(TestNG.java:1037)
at org.testng.remote.AbstractRemoteTestNG.run(AbstractRemoteTestNG.java:115)
at org.testng.remote.RemoteTestNG.initAndRun(RemoteTestNG.java:251)
at org.testng.remote.RemoteTestNG.main(RemoteTestNG.java:77)
]]>
            </full-stacktrace>
          </exception> <!-- org.testng.SkipException -->
          <reporter-output>
          </reporter-output>
        </test-method> <!-- addCustomerTest -->
      </class> <!-- com.w2a.testcases.AddCustomerTest -->
    </test> <!-- Add customer Test -->
    <test name="open account Test" duration-ms="2900" started-at="2021-07-09T18:18:36 IST" finished-at="2021-07-09T18:18:39 IST">
      <class name="com.w2a.testcases.openAccountTest">
        <test-method status="PASS" signature="setUp()[pri:0, instance:com.w2a.testcases.openAccountTest@7bcebd]" name="setUp" is-config="true" duration-ms="10312" started-at="2021-07-09T18:18:16 IST" finished-at="2021-07-09T18:18:27 IST">
          <reporter-output>
          </reporter-output>
        </test-method> <!-- setUp -->
        <test-method status="PASS" signature="openAccTest(java.util.Hashtable)[pri:0, instance:com.w2a.testcases.openAccountTest@7bcebd]" name="openAccTest" duration-ms="2892" started-at="2021-07-09T18:18:36 IST" data-provider="dp" finished-at="2021-07-09T18:18:38 IST">
          <params>
            <param index="0">
              <value>
                <![CDATA[{currency=Rupee, customer=Isha Rani}]]>
              </value>
            </param>
          </params>
          <reporter-output>
          </reporter-output>
        </test-method> <!-- openAccTest -->
        <test-method status="PASS" signature="tearDown()[pri:0, instance:com.w2a.testcases.openAccountTest@7bcebd]" name="tearDown" is-config="true" duration-ms="2123" started-at="2021-07-09T18:18:39 IST" finished-at="2021-07-09T18:18:41 IST">
          <reporter-output>
          </reporter-output>
        </test-method> <!-- tearDown -->
      </class> <!-- com.w2a.testcases.openAccountTest -->
    </test> <!-- open account Test -->
  </suite> <!-- Data Driven Basics -->
</testng-results>
